  SLgine.cpp
D:\Dev\cpp\Sfml\Sfml\SLgine.cpp(131,61): warning C4244: 'argument' : conversion de 'sf::Int64' en 'unsigned int', perte possible de données
D:\Dev\cpp\Sfml\Sfml\SLgine.cpp(134,34): warning C4244: 'return' : conversion de 'int' en 'float', perte possible de données
x64\Debug\SLgineParticle.obj : warning LNK4042: objet spécifié plus d'une fois ; définitions supplémentaires ignorées
sfml-window-s.lib(Joystick.cpp.obj) : error LNK2038: discordance détectée pour '_ITERATOR_DEBUG_LEVEL' : la valeur '0' ne correspond pas à la valeur '2' in imgui-SFML.obj
sfml-window-s.lib(Joystick.cpp.obj) : error LNK2038: discordance détectée pour 'RuntimeLibrary' : la valeur 'MD_DynamicRelease' ne correspond pas à la valeur 'MDd_DynamicDebug' in imgui-SFML.obj
sfml-window-s.lib(Window.cpp.obj) : error LNK2038: discordance détectée pour '_ITERATOR_DEBUG_LEVEL' : la valeur '0' ne correspond pas à la valeur '2' in imgui-SFML.obj
sfml-window-s.lib(Window.cpp.obj) : error LNK2038: discordance détectée pour 'RuntimeLibrary' : la valeur 'MD_DynamicRelease' ne correspond pas à la valeur 'MDd_DynamicDebug' in imgui-SFML.obj
sfml-window-s.lib(Clipboard.cpp.obj) : error LNK2038: discordance détectée pour '_ITERATOR_DEBUG_LEVEL' : la valeur '0' ne correspond pas à la valeur '2' in imgui-SFML.obj
sfml-window-s.lib(Clipboard.cpp.obj) : error LNK2038: discordance détectée pour 'RuntimeLibrary' : la valeur 'MD_DynamicRelease' ne correspond pas à la valeur 'MDd_DynamicDebug' in imgui-SFML.obj
sfml-window-s.lib(Mouse.cpp.obj) : error LNK2038: discordance détectée pour '_ITERATOR_DEBUG_LEVEL' : la valeur '0' ne correspond pas à la valeur '2' in imgui-SFML.obj
sfml-window-s.lib(Mouse.cpp.obj) : error LNK2038: discordance détectée pour 'RuntimeLibrary' : la valeur 'MD_DynamicRelease' ne correspond pas à la valeur 'MDd_DynamicDebug' in imgui-SFML.obj
sfml-window-s.lib(VideoMode.cpp.obj) : error LNK2038: discordance détectée pour '_ITERATOR_DEBUG_LEVEL' : la valeur '0' ne correspond pas à la valeur '2' in imgui-SFML.obj
sfml-window-s.lib(VideoMode.cpp.obj) : error LNK2038: discordance détectée pour 'RuntimeLibrary' : la valeur 'MD_DynamicRelease' ne correspond pas à la valeur 'MDd_DynamicDebug' in imgui-SFML.obj
sfml-window-s.lib(JoystickManager.cpp.obj) : error LNK2038: discordance détectée pour '_ITERATOR_DEBUG_LEVEL' : la valeur '0' ne correspond pas à la valeur '2' in imgui-SFML.obj
sfml-window-s.lib(JoystickManager.cpp.obj) : error LNK2038: discordance détectée pour 'RuntimeLibrary' : la valeur 'MD_DynamicRelease' ne correspond pas à la valeur 'MDd_DynamicDebug' in imgui-SFML.obj
sfml-window-s.lib(CursorImpl.cpp.obj) : error LNK2038: discordance détectée pour '_ITERATOR_DEBUG_LEVEL' : la valeur '0' ne correspond pas à la valeur '2' in imgui-SFML.obj
sfml-window-s.lib(CursorImpl.cpp.obj) : error LNK2038: discordance détectée pour 'RuntimeLibrary' : la valeur 'MD_DynamicRelease' ne correspond pas à la valeur 'MDd_DynamicDebug' in imgui-SFML.obj
sfml-window-s.lib(GlContext.cpp.obj) : error LNK2038: discordance détectée pour '_ITERATOR_DEBUG_LEVEL' : la valeur '0' ne correspond pas à la valeur '2' in imgui-SFML.obj
sfml-window-s.lib(GlContext.cpp.obj) : error LNK2038: discordance détectée pour 'RuntimeLibrary' : la valeur 'MD_DynamicRelease' ne correspond pas à la valeur 'MDd_DynamicDebug' in imgui-SFML.obj
sfml-window-s.lib(WindowImpl.cpp.obj) : error LNK2038: discordance détectée pour '_ITERATOR_DEBUG_LEVEL' : la valeur '0' ne correspond pas à la valeur '2' in imgui-SFML.obj
sfml-window-s.lib(WindowImpl.cpp.obj) : error LNK2038: discordance détectée pour 'RuntimeLibrary' : la valeur 'MD_DynamicRelease' ne correspond pas à la valeur 'MDd_DynamicDebug' in imgui-SFML.obj
sfml-window-s.lib(ClipboardImpl.cpp.obj) : error LNK2038: discordance détectée pour '_ITERATOR_DEBUG_LEVEL' : la valeur '0' ne correspond pas à la valeur '2' in imgui-SFML.obj
sfml-window-s.lib(ClipboardImpl.cpp.obj) : error LNK2038: discordance détectée pour 'RuntimeLibrary' : la valeur 'MD_DynamicRelease' ne correspond pas à la valeur 'MDd_DynamicDebug' in imgui-SFML.obj
sfml-window-s.lib(InputImpl.cpp.obj) : error LNK2038: discordance détectée pour '_ITERATOR_DEBUG_LEVEL' : la valeur '0' ne correspond pas à la valeur '2' in imgui-SFML.obj
sfml-window-s.lib(InputImpl.cpp.obj) : error LNK2038: discordance détectée pour 'RuntimeLibrary' : la valeur 'MD_DynamicRelease' ne correspond pas à la valeur 'MDd_DynamicDebug' in imgui-SFML.obj
sfml-window-s.lib(VideoModeImpl.cpp.obj) : error LNK2038: discordance détectée pour '_ITERATOR_DEBUG_LEVEL' : la valeur '0' ne correspond pas à la valeur '2' in imgui-SFML.obj
sfml-window-s.lib(VideoModeImpl.cpp.obj) : error LNK2038: discordance détectée pour 'RuntimeLibrary' : la valeur 'MD_DynamicRelease' ne correspond pas à la valeur 'MDd_DynamicDebug' in imgui-SFML.obj
sfml-window-s.lib(JoystickImpl.cpp.obj) : error LNK2038: discordance détectée pour '_ITERATOR_DEBUG_LEVEL' : la valeur '0' ne correspond pas à la valeur '2' in imgui-SFML.obj
sfml-window-s.lib(JoystickImpl.cpp.obj) : error LNK2038: discordance détectée pour 'RuntimeLibrary' : la valeur 'MD_DynamicRelease' ne correspond pas à la valeur 'MDd_DynamicDebug' in imgui-SFML.obj
sfml-window-s.lib(WglContext.cpp.obj) : error LNK2038: discordance détectée pour '_ITERATOR_DEBUG_LEVEL' : la valeur '0' ne correspond pas à la valeur '2' in imgui-SFML.obj
sfml-window-s.lib(WglContext.cpp.obj) : error LNK2038: discordance détectée pour 'RuntimeLibrary' : la valeur 'MD_DynamicRelease' ne correspond pas à la valeur 'MDd_DynamicDebug' in imgui-SFML.obj
sfml-window-s.lib(SensorManager.cpp.obj) : error LNK2038: discordance détectée pour '_ITERATOR_DEBUG_LEVEL' : la valeur '0' ne correspond pas à la valeur '2' in imgui-SFML.obj
sfml-window-s.lib(SensorManager.cpp.obj) : error LNK2038: discordance détectée pour 'RuntimeLibrary' : la valeur 'MD_DynamicRelease' ne correspond pas à la valeur 'MDd_DynamicDebug' in imgui-SFML.obj
sfml-window-s.lib(WindowImplWin32.cpp.obj) : error LNK2038: discordance détectée pour '_ITERATOR_DEBUG_LEVEL' : la valeur '0' ne correspond pas à la valeur '2' in imgui-SFML.obj
sfml-window-s.lib(WindowImplWin32.cpp.obj) : error LNK2038: discordance détectée pour 'RuntimeLibrary' : la valeur 'MD_DynamicRelease' ne correspond pas à la valeur 'MDd_DynamicDebug' in imgui-SFML.obj
sfml-window-s.lib(WglExtensions.cpp.obj) : error LNK2038: discordance détectée pour '_ITERATOR_DEBUG_LEVEL' : la valeur '0' ne correspond pas à la valeur '2' in imgui-SFML.obj
sfml-window-s.lib(WglExtensions.cpp.obj) : error LNK2038: discordance détectée pour 'RuntimeLibrary' : la valeur 'MD_DynamicRelease' ne correspond pas à la valeur 'MDd_DynamicDebug' in imgui-SFML.obj
sfml-system-s.lib(String.cpp.obj) : error LNK2038: discordance détectée pour '_ITERATOR_DEBUG_LEVEL' : la valeur '0' ne correspond pas à la valeur '2' in imgui-SFML.obj
sfml-system-s.lib(String.cpp.obj) : error LNK2038: discordance détectée pour 'RuntimeLibrary' : la valeur 'MD_DynamicRelease' ne correspond pas à la valeur 'MDd_DynamicDebug' in imgui-SFML.obj
sfml-system-s.lib(Err.cpp.obj) : error LNK2038: discordance détectée pour '_ITERATOR_DEBUG_LEVEL' : la valeur '0' ne correspond pas à la valeur '2' in imgui-SFML.obj
sfml-system-s.lib(Err.cpp.obj) : error LNK2038: discordance détectée pour 'RuntimeLibrary' : la valeur 'MD_DynamicRelease' ne correspond pas à la valeur 'MDd_DynamicDebug' in imgui-SFML.obj
sfml-graphics-s.lib(RenderTarget.cpp.obj) : error LNK2038: discordance détectée pour '_ITERATOR_DEBUG_LEVEL' : la valeur '0' ne correspond pas à la valeur '2' in imgui-SFML.obj
sfml-graphics-s.lib(RenderTarget.cpp.obj) : error LNK2038: discordance détectée pour 'RuntimeLibrary' : la valeur 'MD_DynamicRelease' ne correspond pas à la valeur 'MDd_DynamicDebug' in imgui-SFML.obj
sfml-graphics-s.lib(Sprite.cpp.obj) : error LNK2038: discordance détectée pour '_ITERATOR_DEBUG_LEVEL' : la valeur '0' ne correspond pas à la valeur '2' in imgui-SFML.obj
sfml-graphics-s.lib(Sprite.cpp.obj) : error LNK2038: discordance détectée pour 'RuntimeLibrary' : la valeur 'MD_DynamicRelease' ne correspond pas à la valeur 'MDd_DynamicDebug' in imgui-SFML.obj
sfml-graphics-s.lib(Texture.cpp.obj) : error LNK2038: discordance détectée pour '_ITERATOR_DEBUG_LEVEL' : la valeur '0' ne correspond pas à la valeur '2' in imgui-SFML.obj
sfml-graphics-s.lib(Texture.cpp.obj) : error LNK2038: discordance détectée pour 'RuntimeLibrary' : la valeur 'MD_DynamicRelease' ne correspond pas à la valeur 'MDd_DynamicDebug' in imgui-SFML.obj
sfml-graphics-s.lib(Color.cpp.obj) : error LNK2038: discordance détectée pour '_ITERATOR_DEBUG_LEVEL' : la valeur '0' ne correspond pas à la valeur '2' in imgui-SFML.obj
sfml-graphics-s.lib(Color.cpp.obj) : error LNK2038: discordance détectée pour 'RuntimeLibrary' : la valeur 'MD_DynamicRelease' ne correspond pas à la valeur 'MDd_DynamicDebug' in imgui-SFML.obj
sfml-graphics-s.lib(RenderWindow.cpp.obj) : error LNK2038: discordance détectée pour '_ITERATOR_DEBUG_LEVEL' : la valeur '0' ne correspond pas à la valeur '2' in imgui-SFML.obj
sfml-graphics-s.lib(RenderWindow.cpp.obj) : error LNK2038: discordance détectée pour 'RuntimeLibrary' : la valeur 'MD_DynamicRelease' ne correspond pas à la valeur 'MDd_DynamicDebug' in imgui-SFML.obj
sfml-graphics-s.lib(Transformable.cpp.obj) : error LNK2038: discordance détectée pour '_ITERATOR_DEBUG_LEVEL' : la valeur '0' ne correspond pas à la valeur '2' in imgui-SFML.obj
sfml-graphics-s.lib(Transformable.cpp.obj) : error LNK2038: discordance détectée pour 'RuntimeLibrary' : la valeur 'MD_DynamicRelease' ne correspond pas à la valeur 'MDd_DynamicDebug' in imgui-SFML.obj
sfml-graphics-s.lib(Shape.cpp.obj) : error LNK2038: discordance détectée pour '_ITERATOR_DEBUG_LEVEL' : la valeur '0' ne correspond pas à la valeur '2' in imgui-SFML.obj
sfml-graphics-s.lib(Shape.cpp.obj) : error LNK2038: discordance détectée pour 'RuntimeLibrary' : la valeur 'MD_DynamicRelease' ne correspond pas à la valeur 'MDd_DynamicDebug' in imgui-SFML.obj
sfml-graphics-s.lib(CircleShape.cpp.obj) : error LNK2038: discordance détectée pour '_ITERATOR_DEBUG_LEVEL' : la valeur '0' ne correspond pas à la valeur '2' in imgui-SFML.obj
sfml-graphics-s.lib(CircleShape.cpp.obj) : error LNK2038: discordance détectée pour 'RuntimeLibrary' : la valeur 'MD_DynamicRelease' ne correspond pas à la valeur 'MDd_DynamicDebug' in imgui-SFML.obj
sfml-graphics-s.lib(Font.cpp.obj) : error LNK2038: discordance détectée pour '_ITERATOR_DEBUG_LEVEL' : la valeur '0' ne correspond pas à la valeur '2' in imgui-SFML.obj
sfml-graphics-s.lib(Font.cpp.obj) : error LNK2038: discordance détectée pour 'RuntimeLibrary' : la valeur 'MD_DynamicRelease' ne correspond pas à la valeur 'MDd_DynamicDebug' in imgui-SFML.obj
sfml-graphics-s.lib(RectangleShape.cpp.obj) : error LNK2038: discordance détectée pour '_ITERATOR_DEBUG_LEVEL' : la valeur '0' ne correspond pas à la valeur '2' in imgui-SFML.obj
sfml-graphics-s.lib(RectangleShape.cpp.obj) : error LNK2038: discordance détectée pour 'RuntimeLibrary' : la valeur 'MD_DynamicRelease' ne correspond pas à la valeur 'MDd_DynamicDebug' in imgui-SFML.obj
sfml-graphics-s.lib(Text.cpp.obj) : error LNK2038: discordance détectée pour '_ITERATOR_DEBUG_LEVEL' : la valeur '0' ne correspond pas à la valeur '2' in imgui-SFML.obj
sfml-graphics-s.lib(Text.cpp.obj) : error LNK2038: discordance détectée pour 'RuntimeLibrary' : la valeur 'MD_DynamicRelease' ne correspond pas à la valeur 'MDd_DynamicDebug' in imgui-SFML.obj
sfml-graphics-s.lib(RenderStates.cpp.obj) : error LNK2038: discordance détectée pour '_ITERATOR_DEBUG_LEVEL' : la valeur '0' ne correspond pas à la valeur '2' in imgui-SFML.obj
sfml-graphics-s.lib(RenderStates.cpp.obj) : error LNK2038: discordance détectée pour 'RuntimeLibrary' : la valeur 'MD_DynamicRelease' ne correspond pas à la valeur 'MDd_DynamicDebug' in imgui-SFML.obj
sfml-graphics-s.lib(Transform.cpp.obj) : error LNK2038: discordance détectée pour '_ITERATOR_DEBUG_LEVEL' : la valeur '0' ne correspond pas à la valeur '2' in imgui-SFML.obj
sfml-graphics-s.lib(Transform.cpp.obj) : error LNK2038: discordance détectée pour 'RuntimeLibrary' : la valeur 'MD_DynamicRelease' ne correspond pas à la valeur 'MDd_DynamicDebug' in imgui-SFML.obj
sfml-graphics-s.lib(View.cpp.obj) : error LNK2038: discordance détectée pour '_ITERATOR_DEBUG_LEVEL' : la valeur '0' ne correspond pas à la valeur '2' in imgui-SFML.obj
sfml-graphics-s.lib(View.cpp.obj) : error LNK2038: discordance détectée pour 'RuntimeLibrary' : la valeur 'MD_DynamicRelease' ne correspond pas à la valeur 'MDd_DynamicDebug' in imgui-SFML.obj
sfml-graphics-s.lib(Shader.cpp.obj) : error LNK2038: discordance détectée pour '_ITERATOR_DEBUG_LEVEL' : la valeur '0' ne correspond pas à la valeur '2' in imgui-SFML.obj
sfml-graphics-s.lib(Shader.cpp.obj) : error LNK2038: discordance détectée pour 'RuntimeLibrary' : la valeur 'MD_DynamicRelease' ne correspond pas à la valeur 'MDd_DynamicDebug' in imgui-SFML.obj
sfml-graphics-s.lib(VertexBuffer.cpp.obj) : error LNK2038: discordance détectée pour '_ITERATOR_DEBUG_LEVEL' : la valeur '0' ne correspond pas à la valeur '2' in imgui-SFML.obj
sfml-graphics-s.lib(VertexBuffer.cpp.obj) : error LNK2038: discordance détectée pour 'RuntimeLibrary' : la valeur 'MD_DynamicRelease' ne correspond pas à la valeur 'MDd_DynamicDebug' in imgui-SFML.obj
sfml-graphics-s.lib(GLExtensions.cpp.obj) : error LNK2038: discordance détectée pour '_ITERATOR_DEBUG_LEVEL' : la valeur '0' ne correspond pas à la valeur '2' in imgui-SFML.obj
sfml-graphics-s.lib(GLExtensions.cpp.obj) : error LNK2038: discordance détectée pour 'RuntimeLibrary' : la valeur 'MD_DynamicRelease' ne correspond pas à la valeur 'MDd_DynamicDebug' in imgui-SFML.obj
sfml-graphics-s.lib(Image.cpp.obj) : error LNK2038: discordance détectée pour '_ITERATOR_DEBUG_LEVEL' : la valeur '0' ne correspond pas à la valeur '2' in imgui-SFML.obj
sfml-graphics-s.lib(Image.cpp.obj) : error LNK2038: discordance détectée pour 'RuntimeLibrary' : la valeur 'MD_DynamicRelease' ne correspond pas à la valeur 'MDd_DynamicDebug' in imgui-SFML.obj
sfml-graphics-s.lib(RenderTextureImplFBO.cpp.obj) : error LNK2038: discordance détectée pour '_ITERATOR_DEBUG_LEVEL' : la valeur '0' ne correspond pas à la valeur '2' in imgui-SFML.obj
sfml-graphics-s.lib(RenderTextureImplFBO.cpp.obj) : error LNK2038: discordance détectée pour 'RuntimeLibrary' : la valeur 'MD_DynamicRelease' ne correspond pas à la valeur 'MDd_DynamicDebug' in imgui-SFML.obj
sfml-graphics-s.lib(VertexArray.cpp.obj) : error LNK2038: discordance détectée pour '_ITERATOR_DEBUG_LEVEL' : la valeur '0' ne correspond pas à la valeur '2' in imgui-SFML.obj
sfml-graphics-s.lib(VertexArray.cpp.obj) : error LNK2038: discordance détectée pour 'RuntimeLibrary' : la valeur 'MD_DynamicRelease' ne correspond pas à la valeur 'MDd_DynamicDebug' in imgui-SFML.obj
sfml-graphics-s.lib(Glsl.cpp.obj) : error LNK2038: discordance détectée pour '_ITERATOR_DEBUG_LEVEL' : la valeur '0' ne correspond pas à la valeur '2' in imgui-SFML.obj
sfml-graphics-s.lib(Glsl.cpp.obj) : error LNK2038: discordance détectée pour 'RuntimeLibrary' : la valeur 'MD_DynamicRelease' ne correspond pas à la valeur 'MDd_DynamicDebug' in imgui-SFML.obj
sfml-graphics-s.lib(ImageLoader.cpp.obj) : error LNK2038: discordance détectée pour '_ITERATOR_DEBUG_LEVEL' : la valeur '0' ne correspond pas à la valeur '2' in imgui-SFML.obj
sfml-graphics-s.lib(ImageLoader.cpp.obj) : error LNK2038: discordance détectée pour 'RuntimeLibrary' : la valeur 'MD_DynamicRelease' ne correspond pas à la valeur 'MDd_DynamicDebug' in imgui-SFML.obj
LINK : warning LNK4098: conflit entre la bibliothèque par défaut 'MSVCRT' et les autres bibliothèques ; utilisez /NODEFAULTLIB:library
D:\Dev\cpp\Sfml\x64\Debug\Sfml.exe : fatal error LNK1319: 82 discordances détectées
