d:\dev\cpp\sfml\sfml\x64\release\vc142.pdb
d:\dev\cpp\sfml\sfml\x64\release\main.obj
d:\dev\cpp\sfml\sfml\x64\release\slginedraw.obj
d:\dev\cpp\sfml\sfml\x64\release\types.obj
d:\dev\cpp\sfml\sfml\x64\release\storage_manager.obj
d:\dev\cpp\sfml\sfml\x64\release\image_manager.obj
d:\dev\cpp\sfml\sfml\x64\release\core.obj
d:\dev\cpp\sfml\sfml\x64\release\application_manager.obj
d:\dev\cpp\sfml\sfml\x64\release\voice_manager.obj
d:\dev\cpp\sfml\sfml\x64\release\user_manager.obj
d:\dev\cpp\sfml\sfml\x64\release\store_manager.obj
d:\dev\cpp\sfml\sfml\x64\release\relationship_manager.obj
d:\dev\cpp\sfml\sfml\x64\release\overlay_manager.obj
d:\dev\cpp\sfml\sfml\x64\release\network_manager.obj
d:\dev\cpp\sfml\sfml\x64\release\lobby_manager.obj
d:\dev\cpp\sfml\sfml\x64\release\activity_manager.obj
d:\dev\cpp\sfml\sfml\x64\release\achievement_manager.obj
d:\dev\cpp\sfml\sfml\x64\release\slgineparticle.obj
d:\dev\cpp\sfml\sfml\x64\release\slginegui.obj
d:\dev\cpp\sfml\sfml\x64\release\slgine.obj
d:\dev\cpp\sfml\sfml\x64\release\imgui_widgets.obj
d:\dev\cpp\sfml\sfml\x64\release\imgui_draw.obj
d:\dev\cpp\sfml\sfml\x64\release\imgui_demo.obj
d:\dev\cpp\sfml\sfml\x64\release\imgui.obj
d:\dev\cpp\sfml\sfml\x64\release\imgui-sfml.obj
d:\dev\cpp\sfml\x64\release\sfml.ipdb
d:\dev\cpp\sfml\x64\release\sfml.iobj
d:\dev\cpp\sfml\x64\release\sfml.pdb
d:\dev\cpp\sfml\sfml\x64\release\sfml.tlog\cl.command.1.tlog
d:\dev\cpp\sfml\sfml\x64\release\sfml.tlog\cl.read.1.tlog
d:\dev\cpp\sfml\sfml\x64\release\sfml.tlog\cl.write.1.tlog
d:\dev\cpp\sfml\sfml\x64\release\sfml.tlog\link.command.1.tlog
d:\dev\cpp\sfml\sfml\x64\release\sfml.tlog\link.delete.1.tlog
d:\dev\cpp\sfml\sfml\x64\release\sfml.tlog\link.read.1.tlog
d:\dev\cpp\sfml\sfml\x64\release\sfml.tlog\link.write.1.tlog
d:\dev\cpp\sfml\sfml\x64\release\sfml.tlog\sfml.write.1u.tlog
