  imgui-SFML.cpp
  imgui.cpp
  imgui_demo.cpp
  imgui_draw.cpp
  imgui_widgets.cpp
  main.cpp
  SLgine.cpp
D:\Dev\cpp\Sfml\Sfml\SLgine.cpp(131,61): warning C4244: 'argument' : conversion de 'sf::Int64' en 'unsigned int', perte possible de données
D:\Dev\cpp\Sfml\Sfml\SLgine.cpp(134,34): warning C4244: 'return' : conversion de 'int' en 'float', perte possible de données
  SLgineDraw.cpp
D:\Dev\cpp\Sfml\Sfml\SLgineDraw.cpp(142,40): warning C4244: 'argument' : conversion de 'float' en 'unsigned int', perte possible de données
  SLgineParticle.cpp
  SLgineParticle.h
Release\SLgineParticle.obj : warning LNK4042: objet spécifié plus d'une fois ; définitions supplémentaires ignorées
imgui-SFML.obj : error LNK2001: symbole externe non résolu "__declspec(dllimport) public: float __thiscall sf::Time::asSeconds(void)const " (__imp_?asSeconds@Time@sf@@QBEMXZ)
imgui-SFML.obj : error LNK2001: symbole externe non résolu "__declspec(dllimport) public: static float __cdecl sf::Joystick::getAxisPosition(unsigned int,enum sf::Joystick::Axis)" (__imp_?getAxisPosition@Joystick@sf@@SAMIW4Axis@12@@Z)
imgui-SFML.obj : error LNK2001: symbole externe non résolu "__declspec(dllimport) public: static bool __cdecl sf::Joystick::isButtonPressed(unsigned int,unsigned int)" (__imp_?isButtonPressed@Joystick@sf@@SA_NII@Z)
imgui-SFML.obj : error LNK2001: symbole externe non résolu "__declspec(dllimport) public: static bool __cdecl sf::Joystick::isConnected(unsigned int)" (__imp_?isConnected@Joystick@sf@@SA_NI@Z)
imgui-SFML.obj : error LNK2001: symbole externe non résolu "__declspec(dllimport) public: unsigned int __thiscall sf::Texture::getNativeHandle(void)const " (__imp_?getNativeHandle@Texture@sf@@QBEIXZ)
imgui-SFML.obj : error LNK2001: symbole externe non résolu "__declspec(dllimport) public: void __thiscall sf::Texture::update(unsigned char const *)" (__imp_?update@Texture@sf@@QAEXPBE@Z)
imgui-SFML.obj : error LNK2001: symbole externe non résolu "__declspec(dllimport) public: class sf::Vector2<unsigned int> __thiscall sf::Texture::getSize(void)const " (__imp_?getSize@Texture@sf@@QBE?AV?$Vector2@I@2@XZ)
imgui-SFML.obj : error LNK2001: symbole externe non résolu "__declspec(dllimport) public: bool __thiscall sf::Texture::create(unsigned int,unsigned int)" (__imp_?create@Texture@sf@@QAE_NII@Z)
imgui-SFML.obj : error LNK2001: symbole externe non résolu "__declspec(dllimport) public: __thiscall sf::Texture::~Texture(void)" (__imp_??1Texture@sf@@QAE@XZ)
imgui-SFML.obj : error LNK2001: symbole externe non résolu "__declspec(dllimport) public: __thiscall sf::Texture::Texture(void)" (__imp_??0Texture@sf@@QAE@XZ)
imgui-SFML.obj : error LNK2001: symbole externe non résolu "__declspec(dllimport) public: bool __thiscall sf::Cursor::loadFromSystem(enum sf::Cursor::Type)" (__imp_?loadFromSystem@Cursor@sf@@QAE_NW4Type@12@@Z)
imgui-SFML.obj : error LNK2001: symbole externe non résolu "__declspec(dllimport) public: __thiscall sf::Cursor::~Cursor(void)" (__imp_??1Cursor@sf@@QAE@XZ)
imgui-SFML.obj : error LNK2001: symbole externe non résolu "__declspec(dllimport) public: __thiscall sf::Cursor::Cursor(void)" (__imp_??0Cursor@sf@@QAE@XZ)
imgui-SFML.obj : error LNK2001: symbole externe non résolu "__declspec(dllimport) public: bool __thiscall sf::Window::hasFocus(void)const " (__imp_?hasFocus@Window@sf@@QBE_NXZ)
imgui-SFML.obj : error LNK2001: symbole externe non résolu "__declspec(dllimport) public: void __thiscall sf::Window::setMouseCursor(class sf::Cursor const &)" (__imp_?setMouseCursor@Window@sf@@QAEXABVCursor@2@@Z)
imgui-SFML.obj : error LNK2001: symbole externe non résolu "__declspec(dllimport) public: void __thiscall sf::Window::setMouseCursorVisible(bool)" (__imp_?setMouseCursorVisible@Window@sf@@QAEX_N@Z)
imgui-SFML.obj : error LNK2001: symbole externe non résolu "__declspec(dllimport) public: void __thiscall sf::RenderTarget::resetGLStates(void)" (__imp_?resetGLStates@RenderTarget@sf@@QAEXXZ)
imgui-SFML.obj : error LNK2001: symbole externe non résolu "__declspec(dllimport) public: class std::basic_string<unsigned char,struct std::char_traits<unsigned char>,class std::allocator<unsigned char> > __thiscall sf::String::toUtf8(void)const " (__imp_?toUtf8@String@sf@@QBE?AV?$basic_string@EU?$char_traits@E@std@@V?$allocator@E@2@@std@@XZ)
imgui-SFML.obj : error LNK2001: symbole externe non résolu "__declspec(dllimport) public: __thiscall sf::String::String(void)" (__imp_??0String@sf@@QAE@XZ)
imgui-SFML.obj : error LNK2001: symbole externe non résolu "__declspec(dllimport) public: __thiscall sf::String::String(class sf::String const &)" (__imp_??0String@sf@@QAE@ABV01@@Z)
imgui-SFML.obj : error LNK2001: symbole externe non résolu "__declspec(dllimport) public: static void __cdecl sf::Clipboard::setString(class sf::String const &)" (__imp_?setString@Clipboard@sf@@SAXABVString@2@@Z)
imgui-SFML.obj : error LNK2001: symbole externe non résolu "__declspec(dllimport) public: static class sf::String __cdecl sf::Clipboard::getString(void)" (__imp_?getString@Clipboard@sf@@SA?AVString@2@XZ)
imgui-SFML.obj : error LNK2001: symbole externe non résolu "__declspec(dllimport) public: static class sf::Vector2<int> __cdecl sf::Touch::getPosition(unsigned int,class sf::Window const &)" (__imp_?getPosition@Touch@sf@@SA?AV?$Vector2@H@2@IABVWindow@2@@Z)
imgui-SFML.obj : error LNK2001: symbole externe non résolu "__declspec(dllimport) public: static bool __cdecl sf::Touch::isDown(unsigned int)" (__imp_?isDown@Touch@sf@@SA_NI@Z)
imgui-SFML.obj : error LNK2001: symbole externe non résolu "__declspec(dllimport) public: class sf::Rect<float> __thiscall sf::Sprite::getGlobalBounds(void)const " (__imp_?getGlobalBounds@Sprite@sf@@QBE?AV?$Rect@M@2@XZ)
imgui-SFML.obj : error LNK2001: symbole externe non résolu "__declspec(dllimport) public: class sf::Rect<int> const & __thiscall sf::Sprite::getTextureRect(void)const " (__imp_?getTextureRect@Sprite@sf@@QBEABV?$Rect@H@2@XZ)
imgui-SFML.obj : error LNK2001: symbole externe non résolu "__declspec(dllimport) public: class sf::Texture const * __thiscall sf::Sprite::getTexture(void)const " (__imp_?getTexture@Sprite@sf@@QBEPBVTexture@2@XZ)
imgui-SFML.obj : error LNK2001: symbole externe non résolu "__declspec(dllimport) public: static void __cdecl sf::Mouse::setPosition(class sf::Vector2<int> const &)" (__imp_?setPosition@Mouse@sf@@SAXABV?$Vector2@H@2@@Z)
imgui-SFML.obj : error LNK2001: symbole externe non résolu "__declspec(dllimport) public: static class sf::Vector2<int> __cdecl sf::Mouse::getPosition(class sf::Window const &)" (__imp_?getPosition@Mouse@sf@@SA?AV?$Vector2@H@2@ABVWindow@2@@Z)
imgui-SFML.obj : error LNK2001: symbole externe non résolu "__declspec(dllimport) public: static bool __cdecl sf::Mouse::isButtonPressed(enum sf::Mouse::Button)" (__imp_?isButtonPressed@Mouse@sf@@SA_NW4Button@12@@Z)
imgui-SFML.obj : error LNK2001: symbole externe non résolu "__declspec(dllimport) public: __thiscall sf::String::~String(void)" (__imp_??1String@sf@@QAE@XZ)
main.obj : error LNK2001: symbole externe non résolu "__declspec(dllimport) public: static class sf::Color const sf::Color::White" (__imp_?White@Color@sf@@2V12@B)
main.obj : error LNK2001: symbole externe non résolu "__declspec(dllimport) public: virtual __thiscall sf::RenderWindow::~RenderWindow(void)" (__imp_??1RenderWindow@sf@@UAE@XZ)
main.obj : error LNK2001: symbole externe non résolu "__declspec(dllimport) public: __thiscall sf::RenderWindow::RenderWindow(class sf::VideoMode,class sf::String const &,unsigned int,struct sf::ContextSettings const &)" (__imp_??0RenderWindow@sf@@QAE@VVideoMode@1@ABVString@1@IABUContextSettings@1@@Z)
main.obj : error LNK2001: symbole externe non résolu "__declspec(dllimport) public: __thiscall sf::Color::Color(void)" (__imp_??0Color@sf@@QAE@XZ)
main.obj : error LNK2001: symbole externe non résolu "__declspec(dllimport) public: static class sf::Color const sf::Color::Red" (__imp_?Red@Color@sf@@2V12@B)
main.obj : error LNK2001: symbole externe non résolu "__declspec(dllimport) public: static class sf::Color const sf::Color::Black" (__imp_?Black@Color@sf@@2V12@B)
main.obj : error LNK2001: symbole externe non résolu "__declspec(dllimport) public: void __thiscall sf::Window::setTitle(class sf::String const &)" (__imp_?setTitle@Window@sf@@QAEXABVString@2@@Z)
main.obj : error LNK2001: symbole externe non résolu "__declspec(dllimport) public: bool __thiscall sf::Window::pollEvent(class sf::Event &)" (__imp_?pollEvent@Window@sf@@QAE_NAAVEvent@2@@Z)
main.obj : error LNK2001: symbole externe non résolu "__declspec(dllimport) public: bool __thiscall sf::Window::isOpen(void)const " (__imp_?isOpen@Window@sf@@QBE_NXZ)
main.obj : error LNK2001: symbole externe non résolu "__declspec(dllimport) public: void __thiscall sf::Window::close(void)" (__imp_?close@Window@sf@@QAEXXZ)
main.obj : error LNK2001: symbole externe non résolu "__declspec(dllimport) public: __thiscall sf::String::String(char const *,class std::locale const &)" (__imp_??0String@sf@@QAE@PBDABVlocale@std@@@Z)
main.obj : error LNK2001: symbole externe non résolu "__declspec(dllimport) public: __thiscall sf::VideoMode::VideoMode(unsigned int,unsigned int,unsigned int)" (__imp_??0VideoMode@sf@@QAE@III@Z)
main.obj : error LNK2001: symbole externe non résolu "__declspec(dllimport) public: static class sf::Color const sf::Color::Blue" (__imp_?Blue@Color@sf@@2V12@B)
SLgine.obj : error LNK2001: symbole externe non résolu "__declspec(dllimport) public: class sf::Time __thiscall sf::Clock::restart(void)" (__imp_?restart@Clock@sf@@QAE?AVTime@2@XZ)
SLgine.obj : error LNK2001: symbole externe non résolu "__declspec(dllimport) public: class sf::Time __thiscall sf::Clock::getElapsedTime(void)const " (__imp_?getElapsedTime@Clock@sf@@QBE?AVTime@2@XZ)
SLgine.obj : error LNK2001: symbole externe non résolu "__declspec(dllimport) public: __thiscall sf::Clock::Clock(void)" (__imp_??0Clock@sf@@QAE@XZ)
SLgine.obj : error LNK2001: symbole externe non résolu "__declspec(dllimport) public: __int64 __thiscall sf::Time::asMicroseconds(void)const " (__imp_?asMicroseconds@Time@sf@@QBE_JXZ)
SLgine.obj : error LNK2001: symbole externe non résolu "__declspec(dllimport) public: __thiscall sf::Time::Time(void)" (__imp_??0Time@sf@@QAE@XZ)
SLgine.obj : error LNK2001: symbole externe non résolu "__declspec(dllimport) public: void __thiscall sf::Window::setFramerateLimit(unsigned int)" (__imp_?setFramerateLimit@Window@sf@@QAEXI@Z)
SLgine.obj : error LNK2001: symbole externe non résolu "__declspec(dllimport) public: void __thiscall sf::Window::setVerticalSyncEnabled(bool)" (__imp_?setVerticalSyncEnabled@Window@sf@@QAEX_N@Z)
SLgine.obj : error LNK2001: symbole externe non résolu "__declspec(dllimport) public: static bool __cdecl sf::Keyboard::isKeyPressed(enum sf::Keyboard::Key)" (__imp_?isKeyPressed@Keyboard@sf@@SA_NW4Key@12@@Z)
SLgineDraw.obj : error LNK2001: symbole externe non résolu "__declspec(dllimport) public: static class sf::RenderStates const sf::RenderStates::Default" (__imp_?Default@RenderStates@sf@@2V12@B)
SLgineDraw.obj : error LNK2001: symbole externe non résolu "__declspec(dllimport) public: virtual unsigned int __thiscall sf::CircleShape::getPointCount(void)const " (__imp_?getPointCount@CircleShape@sf@@UBEIXZ)
SLgineDraw.obj : error LNK2001: symbole externe non résolu "__declspec(dllimport) public: void __thiscall sf::CircleShape::setPointCount(unsigned int)" (__imp_?setPointCount@CircleShape@sf@@QAEXI@Z)
SLgineDraw.obj : error LNK2001: symbole externe non résolu "__declspec(dllimport) public: __thiscall sf::CircleShape::CircleShape(float,unsigned int)" (__imp_??0CircleShape@sf@@QAE@MI@Z)
SLgineDraw.obj : error LNK2001: symbole externe non résolu "__declspec(dllimport) public: void __thiscall sf::Transformable::scale(class sf::Vector2<float> const &)" (__imp_?scale@Transformable@sf@@QAEXABV?$Vector2@M@2@@Z)
SLgineDraw.obj : error LNK2001: symbole externe non résolu "__declspec(dllimport) public: void __thiscall sf::Transformable::rotate(float)" (__imp_?rotate@Transformable@sf@@QAEXM@Z)
SLgineDraw.obj : error LNK2001: symbole externe non résolu "__declspec(dllimport) public: void __thiscall sf::Transformable::move(class sf::Vector2<float> const &)" (__imp_?move@Transformable@sf@@QAEXABV?$Vector2@M@2@@Z)
SLgineDraw.obj : error LNK2001: symbole externe non résolu "__declspec(dllimport) public: void __thiscall sf::Transformable::setOrigin(class sf::Vector2<float> const &)" (__imp_?setOrigin@Transformable@sf@@QAEXABV?$Vector2@M@2@@Z)
SLgineDraw.obj : error LNK2001: symbole externe non résolu "__declspec(dllimport) public: void __thiscall sf::Transformable::setScale(class sf::Vector2<float> const &)" (__imp_?setScale@Transformable@sf@@QAEXABV?$Vector2@M@2@@Z)
SLgineDraw.obj : error LNK2001: symbole externe non résolu "__declspec(dllimport) public: void __thiscall sf::Transformable::setPosition(class sf::Vector2<float> const &)" (__imp_?setPosition@Transformable@sf@@QAEXABV?$Vector2@M@2@@Z)
SLgineDraw.obj : error LNK2001: symbole externe non résolu "__declspec(dllimport) public: class sf::Texture & __thiscall sf::Texture::operator=(class sf::Texture const &)" (__imp_??4Texture@sf@@QAEAAV01@ABV01@@Z)
SLgineDraw.obj : error LNK2001: symbole externe non résolu "__declspec(dllimport) public: void __thiscall sf::Texture::setSmooth(bool)" (__imp_?setSmooth@Texture@sf@@QAEX_N@Z)
SLgineDraw.obj : error LNK2001: symbole externe non résolu "__declspec(dllimport) public: bool __thiscall sf::Texture::loadFromFile(class std::basic_string<char,struct std::char_traits<char>,class std::allocator<char> > const &,class sf::Rect<int> const &)" (__imp_?loadFromFile@Texture@sf@@QAE_NABV?$basic_string@DU?$char_traits@D@std@@V?$allocator@D@2@@std@@ABV?$Rect@H@2@@Z)
SLgineDraw.obj : error LNK2001: symbole externe non résolu "__declspec(dllimport) public: __thiscall sf::Texture::Texture(class sf::Texture const &)" (__imp_??0Texture@sf@@QAE@ABV01@@Z)
SLgineDraw.obj : error LNK2001: symbole externe non résolu "__declspec(dllimport) public: bool __thiscall sf::Font::loadFromFile(class std::basic_string<char,struct std::char_traits<char>,class std::allocator<char> > const &)" (__imp_?loadFromFile@Font@sf@@QAE_NABV?$basic_string@DU?$char_traits@D@std@@V?$allocator@D@2@@std@@@Z)
SLgineDraw.obj : error LNK2001: symbole externe non résolu "__declspec(dllimport) public: __thiscall sf::Font::~Font(void)" (__imp_??1Font@sf@@QAE@XZ)
SLgineDraw.obj : error LNK2001: symbole externe non résolu "__declspec(dllimport) public: __thiscall sf::Font::Font(void)" (__imp_??0Font@sf@@QAE@XZ)
SLgineDraw.obj : error LNK2001: symbole externe non résolu "__declspec(dllimport) public: __thiscall sf::Vertex::Vertex(class sf::Vector2<float> const &,class sf::Color const &)" (__imp_??0Vertex@sf@@QAE@ABV?$Vector2@M@1@ABVColor@1@@Z)
SLgineDraw.obj : error LNK2001: symbole externe non résolu "__declspec(dllimport) public: void __thiscall sf::Window::display(void)" (__imp_?display@Window@sf@@QAEXXZ)
SLgineDraw.obj : error LNK2001: symbole externe non résolu "__declspec(dllimport) public: void __thiscall sf::RenderTarget::draw(class sf::Drawable const &,class sf::RenderStates const &)" (__imp_?draw@RenderTarget@sf@@QAEXABVDrawable@2@ABVRenderStates@2@@Z)
SLgineDraw.obj : error LNK2001: symbole externe non résolu "__declspec(dllimport) public: void __thiscall sf::RenderTarget::draw(class sf::Vertex const *,unsigned int,enum sf::PrimitiveType,class sf::RenderStates const &)" (__imp_?draw@RenderTarget@sf@@QAEXPBVVertex@2@IW4PrimitiveType@2@ABVRenderStates@2@@Z)
SLgineDraw.obj : error LNK2001: symbole externe non résolu "__declspec(dllimport) public: void __thiscall sf::RenderTarget::clear(class sf::Color const &)" (__imp_?clear@RenderTarget@sf@@QAEXABVColor@2@@Z)
SLgineDraw.obj : error LNK2001: symbole externe non résolu "__declspec(dllimport) public: void __thiscall sf::Shape::setFillColor(class sf::Color const &)" (__imp_?setFillColor@Shape@sf@@QAEXABVColor@2@@Z)
SLgineDraw.obj : error LNK2001: symbole externe non résolu "__declspec(dllimport) public: __thiscall sf::String::String(class std::basic_string<char,struct std::char_traits<char>,class std::allocator<char> > const &,class std::locale const &)" (__imp_??0String@sf@@QAE@ABV?$basic_string@DU?$char_traits@D@std@@V?$allocator@D@2@@std@@ABVlocale@3@@Z)
SLgineDraw.obj : error LNK2001: symbole externe non résolu "__declspec(dllimport) public: virtual unsigned int __thiscall sf::RectangleShape::getPointCount(void)const " (__imp_?getPointCount@RectangleShape@sf@@UBEIXZ)
SLgineDraw.obj : error LNK2001: symbole externe non résolu "__declspec(dllimport) public: __thiscall sf::RectangleShape::RectangleShape(class sf::Vector2<float> const &)" (__imp_??0RectangleShape@sf@@QAE@ABV?$Vector2@M@1@@Z)
SLgineDraw.obj : error LNK2001: symbole externe non résolu "__declspec(dllimport) public: void __thiscall sf::Sprite::setColor(class sf::Color const &)" (__imp_?setColor@Sprite@sf@@QAEXABVColor@2@@Z)
SLgineDraw.obj : error LNK2001: symbole externe non résolu "__declspec(dllimport) public: void __thiscall sf::Sprite::setTexture(class sf::Texture const &,bool)" (__imp_?setTexture@Sprite@sf@@QAEXABVTexture@2@_N@Z)
SLgineDraw.obj : error LNK2001: symbole externe non résolu "__declspec(dllimport) public: __thiscall sf::Sprite::Sprite(void)" (__imp_??0Sprite@sf@@QAE@XZ)
SLgineDraw.obj : error LNK2001: symbole externe non résolu "__declspec(dllimport) public: void __thiscall sf::Text::setFillColor(class sf::Color const &)" (__imp_?setFillColor@Text@sf@@QAEXABVColor@2@@Z)
SLgineDraw.obj : error LNK2001: symbole externe non résolu "__declspec(dllimport) public: __thiscall sf::Text::Text(class sf::String const &,class sf::Font const &,unsigned int)" (__imp_??0Text@sf@@QAE@ABVString@1@ABVFont@1@I@Z)
SLgineDraw.obj : error LNK2001: symbole externe non résolu "__declspec(dllimport) public: virtual __thiscall sf::Sprite::~Sprite(void)" (__imp_??1Sprite@sf@@UAE@XZ)
SLgineDraw.obj : error LNK2001: symbole externe non résolu "__declspec(dllimport) public: virtual __thiscall sf::Text::~Text(void)" (__imp_??1Text@sf@@UAE@XZ)
SLgineDraw.obj : error LNK2001: symbole externe non résolu "__declspec(dllimport) public: virtual __thiscall sf::RectangleShape::~RectangleShape(void)" (__imp_??1RectangleShape@sf@@UAE@XZ)
SLgineDraw.obj : error LNK2001: symbole externe non résolu "__declspec(dllimport) public: virtual __thiscall sf::CircleShape::~CircleShape(void)" (__imp_??1CircleShape@sf@@UAE@XZ)
D:\Dev\cpp\Sfml\Release\Sfml.exe : fatal error LNK1120: 87 externes non résolus
